Copyright 1986-2022 Xilinx, Inc. All Rights Reserved.
------------------------------------------------------------------------------------
| Tool Version : Vivado v.2022.1 (win64) Build 3526262 Mon Apr 18 15:48:16 MDT 2022
| Date         : Mon May 15 04:08:58 2023
| Host         : CSE-P07-2165-06 running 64-bit major release  (build 9200)
| Command      : report_control_sets -verbose -file circuit_control_sets_placed.rpt
| Design       : circuit
| Device       : xc7a35t
------------------------------------------------------------------------------------

Control Set Information

Table of Contents
-----------------
1. Summary
2. Histogram
3. Flip-Flop Distribution
4. Detailed Control Set Information

1. Summary
----------

+----------------------------------------------------------+-------+
|                          Status                          | Count |
+----------------------------------------------------------+-------+
| Total control sets                                       |     9 |
|    Minimum number of control sets                        |     9 |
|    Addition due to synthesis replication                 |     0 |
|    Addition due to physical synthesis replication        |     0 |
| Unused register locations in slices containing registers |    22 |
+----------------------------------------------------------+-------+
* Control sets can be merged at opt_design using control_set_merge or merge_equivalent_drivers
** Run report_qor_suggestions for automated merging and remapping suggestions


2. Histogram
------------

+--------------------+-------+
|       Fanout       | Count |
+--------------------+-------+
| Total control sets |     9 |
| >= 0 to < 4        |     2 |
| >= 4 to < 6        |     0 |
| >= 6 to < 8        |     3 |
| >= 8 to < 10       |     0 |
| >= 10 to < 12      |     0 |
| >= 12 to < 14      |     1 |
| >= 14 to < 16      |     0 |
| >= 16              |     3 |
+--------------------+-------+
* Control sets can be remapped at either synth_design or opt_design


3. Flip-Flop Distribution
-------------------------

+--------------+-----------------------+------------------------+-----------------+--------------+
| Clock Enable | Synchronous Set/Reset | Asynchronous Set/Reset | Total Registers | Total Slices |
+--------------+-----------------------+------------------------+-----------------+--------------+
| No           | No                    | No                     |              12 |            4 |
| No           | No                    | Yes                    |             156 |           64 |
| No           | Yes                   | No                     |               2 |            1 |
| Yes          | No                    | No                     |               0 |            0 |
| Yes          | No                    | Yes                    |              40 |           14 |
| Yes          | Yes                   | No                     |               0 |            0 |
+--------------+-----------------------+------------------------+-----------------+--------------+


4. Detailed Control Set Information
-----------------------------------

+---------------------------------+------------------------------------------+------------------+------------------+----------------+--------------+
|           Clock Signal          |               Enable Signal              | Set/Reset Signal | Slice Load Count | Bel Load Count | Bels / Slice |
+---------------------------------+------------------------------------------+------------------+------------------+----------------+--------------+
|  bcd/clkdiv/CLK                 |                                          | rst_IBUF         |                1 |              2 |         2.00 |
|  bcd/shift/sel__0               |                                          | start/dete/AR[0] |                1 |              2 |         2.00 |
|  shift_left/clkdiv/clk_out      |                                          | rst_IBUF         |                3 |              7 |         2.33 |
|  shift_right/clkdiv/clk_out     |                                          | rst_IBUF         |                3 |              7 |         2.33 |
|  start/clkdiv/clk_out           |                                          | rst_IBUF         |                3 |              7 |         2.33 |
|  bcd/shift/first_reg[3]_i_2_n_0 |                                          |                  |                4 |             12 |         3.00 |
|  clk_IBUF_BUFG                  | start/dete/FSM_sequential_state_reg[1]_0 | rst_IBUF         |                4 |             16 |         4.00 |
|  clk_IBUF_BUFG                  | start/dete/E[0]                          | rst_IBUF         |               10 |             24 |         2.40 |
|  clk_IBUF_BUFG                  |                                          | rst_IBUF         |               54 |            133 |         2.46 |
+---------------------------------+------------------------------------------+------------------+------------------+----------------+--------------+


